2023-03-14T15:50:49+00:00 CRITICAL Uncaught Error: Call to undefined method ACF_Ajax_Check_Screen::verify_request() in D:\xampp\htdocs\bridget\wp-content\plugins\acf-extended\includes\field-groups\field-group-hide-on-screen.php:136
Stack trace:
#0 D:\xampp\htdocs\bridget\wp-includes\class-wp-hook.php(308): acfe_field_group_hide_on_screen->ajax_check_screen('')
#1 D:\xampp\htdocs\bridget\wp-includes\class-wp-hook.php(332): WP_Hook->apply_filters('', Array)
#2 D:\xampp\htdocs\bridget\wp-includes\plugin.php(517): WP_Hook->do_action(Array)
#3 D:\xampp\htdocs\bridget\wp-admin\admin-ajax.php(188): do_action('wp_ajax_acf/aja...')
#4 {main}
  thrown in D:\xampp\htdocs\bridget\wp-content\plugins\acf-extended\includes\field-groups\field-group-hide-on-screen.php on line 136

2023-03-14T17:01:28+00:00 CRITICAL Uncaught Error: Call to undefined method ACF_Ajax_Check_Screen::verify_request() in D:\xampp\htdocs\bridget\wp-content\plugins\acf-extended\includes\field-groups\field-group-hide-on-screen.php:136
Stack trace:
#0 D:\xampp\htdocs\bridget\wp-includes\class-wp-hook.php(308): acfe_field_group_hide_on_screen->ajax_check_screen('')
#1 D:\xampp\htdocs\bridget\wp-includes\class-wp-hook.php(332): WP_Hook->apply_filters('', Array)
#2 D:\xampp\htdocs\bridget\wp-includes\plugin.php(517): WP_Hook->do_action(Array)
#3 D:\xampp\htdocs\bridget\wp-admin\admin-ajax.php(188): do_action('wp_ajax_acf/aja...')
#4 {main}
  thrown in D:\xampp\htdocs\bridget\wp-content\plugins\acf-extended\includes\field-groups\field-group-hide-on-screen.php on line 136

2023-03-14T17:40:07+00:00 CRITICAL Uncaught Error: Call to undefined method ACF_Ajax_Check_Screen::verify_request() in D:\xampp\htdocs\bridget\wp-content\plugins\acf-extended\includes\field-groups\field-group-hide-on-screen.php:136
Stack trace:
#0 D:\xampp\htdocs\bridget\wp-includes\class-wp-hook.php(308): acfe_field_group_hide_on_screen->ajax_check_screen('')
#1 D:\xampp\htdocs\bridget\wp-includes\class-wp-hook.php(332): WP_Hook->apply_filters('', Array)
#2 D:\xampp\htdocs\bridget\wp-includes\plugin.php(517): WP_Hook->do_action(Array)
#3 D:\xampp\htdocs\bridget\wp-admin\admin-ajax.php(188): do_action('wp_ajax_acf/aja...')
#4 {main}
  thrown in D:\xampp\htdocs\bridget\wp-content\plugins\acf-extended\includes\field-groups\field-group-hide-on-screen.php on line 136

